moquette/parser_commons/build/intermediates/manifest_merge_blame_file/debug/manifest-merger-blame-debug-report.txt
1<?xml version="1.0" encoding="utf-8"?>
2<manifest xmlns:android="http://schemas.android.com/apk/res/android"
3    package="org.eclipse.moquette.commons"
4    android:versionName="3.0" >
5
6    <uses-sdk
7        android:minSdkVersion="19"
7-->src\main\AndroidManifest.xml
8        android:targetSdkVersion="20" />
8-->src\main\AndroidManifest.xml
9
10</manifest>